C51 COMPILER V9.00   LED                                                                   10/03/2016 13:56:10 PAGE 1   


C51 COMPILER V9.00, COMPILATION OF MODULE LED
OBJECT MODULE PLACED IN led.OBJ
COMPILER INVOKED BY: C:\Keil_v5\C51\BIN\C51.EXE led.c BROWSE DEBUG OBJECTEXTEND TABS(2)

line level    source

   1          #include<reg51.h>
   2          sbit led=P2^0;
   3          void delay()
   4          {
   5   1        char i,j;
   6   1        for(i=0;i<100;i++)
   7   1        for(j=0;j<100;j++);
   8   1      }
   9          void main()
  10          {
  11   1        while(1)
  12   1        {
  13   2          led=0;
  14   2          delay();
  15   2          led=1;
  16   2          delay();
  17   2        }
  18   1      }


MODULE INFORMATION:   STATIC OVERLAYABLE
   CODE SIZE        =     25    ----
   CONSTANT SIZE    =   ----    ----
   XDATA SIZE       =   ----    ----
   PDATA SIZE       =   ----    ----
   DATA SIZE        =   ----    ----
   IDATA SIZE       =   ----    ----
   BIT SIZE         =   ----    ----
END OF MODULE INFORMATION.


C51 COMPILATION COMPLETE.  0 WARNING(S),  0 ERROR(S)
