C51 COMPILER V9.00   AD_GET                                                                07/02/2016 23:54:12 PAGE 1   


C51 COMPILER V9.00, COMPILATION OF MODULE AD_GET
OBJECT MODULE PLACED IN .\obj\ad_get.obj
COMPILER INVOKED BY: C:\Keil_v5\C51\BIN\C51.EXE src\ad_get.c LARGE BROWSE ORDER INCDIR(.\inc) DEBUG OBJECTEXTEND PRINT(.
                    -\list\ad_get.lst) TABS(2) OBJECT(.\obj\ad_get.obj)

line level    source

   1          /**********************************
   2          ADC_CONTR寄存器
   3          |ADC_POWER|SPEED1|SPEED0|ADC_FLAG|ADC_START|CHS2|CHS1|CHS0|
   4          ADC_POWER 1:ON 0:OFF
   5          
   6          CHS2  CHS1  CHS0
   7          000 1.0
   8          001 1.1
   9          010 1.2
  10          011 1.3
  11          100 1.4
  12          101 1.5
  13          110 1.6
  14          111 1.7
  15          **********************************/
  16          #include <intrins.h>
  17          #include "stc12c5a60s2.h"
  18          #include "ad_get.h"
  19          #include "delay.h"
  20          /**********************************************************************************************/
  21          /*********************************************************************************************
  22          函数名：10位A/D转换函数
  23          调  用：read_adc(unsigned char port_num);
  24          参  数：port_num  取值范围0-7，表示选择的通道
  25          返回值：adc值（10位ADC数据高8位存放在ADC_RES中，低2位存放在ADC_RESL中）
  26          结  果：读出指定ADC接口的A/D转换值，并返回数值
  27          备  注：适用于STC12C5A60S2系列单片机（必须使用STC12C5A60S2.h头文件）
  28          /**********************************************************************************************/
  29          unsigned int  read_adc(unsigned char port_num)
  30          {//port范围0~7
  31   1        unsigned int Ad_value=0;
  32   1      
  33   1        P1M0|=1<<port_num; //用到那个端口就把哪个端口设置为开漏,这里测试P10       
  34   1          P1M1|=1<<port_num;  
  35   1      
  36   1        ADC_CONTR = 0xE0;//启动AD电源，并且选择最高速转换
  37   1        ADC_CONTR |=port_num;      
  38   1        //必要的延时
  39   1        //_nop_();_nop_();_nop_();_nop_();_nop_();
  40   1        //_nop_();_nop_();_nop_();_nop_();_nop_();
  41   1        delay(100);
  42   1        ADC_RES=0;     //高八位清零
  43   1        ADC_RESL=0;    //低两位清零
  44   1        ADC_CONTR|=0x08; //启动AD转换
  45   1        //必要的延时
  46   1        _nop_();_nop_();_nop_();_nop_();_nop_();
  47   1        while(!(ADC_CONTR&0x10)); 
  48   1        ADC_CONTR &= 0xE7; //1110 0111 清ADC_FLAG位, 关闭A/D转换
  49   1        Ad_value=ADC_RES*4 + ADC_RESL; //10 wei
  50   1        ADC_CONTR=0;
  51   1        return Ad_value;
  52   1      }


C51 COMPILER V9.00   AD_GET                                                                07/02/2016 23:54:12 PAGE 2   

MODULE INFORMATION:   STATIC OVERLAYABLE
   CODE SIZE        =     92    ----
   CONSTANT SIZE    =   ----    ----
   XDATA SIZE       =   ----       2
   PDATA SIZE       =   ----    ----
   DATA SIZE        =   ----    ----
   IDATA SIZE       =   ----    ----
   BIT SIZE         =   ----    ----
END OF MODULE INFORMATION.


C51 COMPILATION COMPLETE.  0 WARNING(S),  0 ERROR(S)
