C51 COMPILER V9.00   DELAY                                                                 07/02/2016 23:54:10 PAGE 1   


C51 COMPILER V9.00, COMPILATION OF MODULE DELAY
OBJECT MODULE PLACED IN .\obj\delay.obj
COMPILER INVOKED BY: C:\Keil_v5\C51\BIN\C51.EXE src\delay.c LARGE BROWSE ORDER INCDIR(.\inc) DEBUG OBJECTEXTEND PRINT(.\
                    -list\delay.lst) TABS(2) OBJECT(.\obj\delay.obj)

line level    source

   1          #include "delay.h"
   2          #include "type.h"
   3          #include "sconfig.h"
   4          #include"intrins.h"
   5          
   6          /*********************************************************************************************
   7          函数名：微秒级CPU延时函数
   8          调  用：delay (?);
   9          参  数：1~65535（参数不可为0）
  10          返回值：无
  11          
  12          /*********************************************************************************************/
  13          void delay(unsigned int t) {
  14   1        while(t--);
  15   1        return;
  16   1      }
  17          
  18          /*********************************************************************************************
  19          函数名：毫秒级CPU延时函数
  20          调  用：delay_ms (?);
  21          参  数：1~65535（参数不可为0）
  22          返回值：无
  23          结  果：占用CPU方式延时与参数数值相同的毫秒时间
  24          备  注：应用于1T单片机时i<600，应用于12T单片机时i<125
  25          /*********************************************************************************************/
  26          void delay_ms(unsigned int t) {
  27   1        unsigned int i,j;
  28   1        for(i=0;i<t;i++) {
  29   2          for(j=0;j<600;j++);
  30   2        } 
  31   1        return;
  32   1      }
  33          /*********************************************************************************************
  34          函数名：微秒级CPU延时函数
  35          调  用：delay (?);
  36          参  数：1~65535（参数不可为0）
  37          返回值：无
  38          
  39          /*********************************************************************************************/
  40          void delay_us(void)  
  41          {
  42   1         _nop_(); 
  43   1        _nop_(); 
  44   1        _nop_(); 
  45   1        _nop_(); 
  46   1        _nop_(); 
  47   1        _nop_(); 
  48   1        _nop_(); 
  49   1        _nop_(); 
  50   1        _nop_();
  51   1        _nop_();
  52   1        _nop_();
  53   1        _nop_();
  54   1      }
C51 COMPILER V9.00   DELAY                                                                 07/02/2016 23:54:10 PAGE 2   



MODULE INFORMATION:   STATIC OVERLAYABLE
   CODE SIZE        =     56    ----
   CONSTANT SIZE    =   ----    ----
   XDATA SIZE       =   ----    ----
   PDATA SIZE       =   ----    ----
   DATA SIZE        =   ----    ----
   IDATA SIZE       =   ----    ----
   BIT SIZE         =   ----    ----
END OF MODULE INFORMATION.


C51 COMPILATION COMPLETE.  0 WARNING(S),  0 ERROR(S)
