C51 COMPILER V9.01   PWM                                                                   05/08/2014 21:09:41 PAGE 1   


C51 COMPILER V9.01, COMPILATION OF MODULE PWM
OBJECT MODULE PLACED IN .\obj\pwm.obj
COMPILER INVOKED BY: C:\Keil\C51\BIN\C51.EXE src\pwm.c LARGE BROWSE ORDER INCDIR(.\inc) DEBUG OBJECTEXTEND PRINT(.\list\
                    -pwm.lst) OBJECT(.\obj\pwm.obj)

line level    source

   1          #include "pwm.h"
   2          #include "config.h"
   3          #include "type.h"
   4          
   5          /*PWM0->P1^3  PWM1->P1^4*/
   6          void pwm_init(void){
   7   1              CCON = 0;
   8   1              CL = 0;
   9   1              CH = 0;
  10   1              CMOD = 0x00;//SYSCLK/12
  11   1      
  12   1              PCA_PWM0 = 0;
  13   1              CCAP0L = 0;
  14   1              CCAP0H = 0;
  15   1      
  16   1              PCA_PWM1 = 0;
  17   1              CCAP1L = 0;
  18   1              CCAP1H = 0;
  19   1      
  20   1              return;
  21   1      }
  22          
  23          void pwm_open(void){
  24   1              CCAPM0 = 0x42;
  25   1              CCAPM1 = 0x42;
  26   1      
  27   1              CR = 1;
  28   1              return;
  29   1      }
  30          
  31          void pwm_close(void){
  32   1              CCAPM0 = 0;
  33   1              CCAPM1 = 0;
  34   1      
  35   1              CR = 0;
  36   1              return;
  37   1      }
  38          
  39          void set_pwm_duty(unsigned char num, unsigned char duty){
  40   1              //反转一下电平输出
  41   1              if(0 == num){
  42   2                      CCAP0H = 0XFF - duty;
  43   2                      CCAP0L = 0XFF - duty;
  44   2                      return;
  45   2              }
  46   1              if(1 == num){
  47   2                      CCAP1H = 0XFF - duty;
  48   2                      CCAP1L = 0XFF - duty;
  49   2                      return;
  50   2              }
  51   1              return;
  52   1      }
  53          
  54          void PCA_interrupt (void) interrupt 7
C51 COMPILER V9.01   PWM                                                                   05/08/2014 21:09:41 PAGE 2   

  55          {
  56   1              if(1 == CCF0){
  57   2                      CCF0 = 0;
  58   2              }
  59   1              if(1 == CCF1){
  60   2                      CCF1 = 0;
  61   2              }
  62   1              if(1 == CF){
  63   2                      CF = 0;
  64   2              }
  65   1              return;
  66   1      }


MODULE INFORMATION:   STATIC OVERLAYABLE
   CODE SIZE        =     80    ----
   CONSTANT SIZE    =   ----    ----
   XDATA SIZE       =   ----    ----
   PDATA SIZE       =   ----    ----
   DATA SIZE        =   ----    ----
   IDATA SIZE       =   ----    ----
   BIT SIZE         =   ----    ----
END OF MODULE INFORMATION.


C51 COMPILATION COMPLETE.  0 WARNING(S),  0 ERROR(S)
